<?xml version="1.0" encoding="UTF-8"?>
<!-- Generated by org.testng.reporters.JUnitReportReporter -->
<testsuite skipped="0" hostname="Santosh-PC" name="com.mercurytours.tests.FlightTest" tests="1" failures="0" timestamp="17 Mar 2019 10:38:15 GMT" time="14.145" errors="0">
  <testcase name="OneWayTripWithEconomyClassTest" time="14.145" classname="com.mercurytours.tests.FlightTest"/>
</testsuite> <!-- com.mercurytours.tests.FlightTest -->
