<?xml version="1.0" encoding="UTF-8"?>
<!-- Generated by org.testng.reporters.JUnitReportReporter -->
<testsuite skipped="0" hostname="Santosh-PC" name="com.mercurytours.tests.SignOnTest" tests="1" failures="0" timestamp="21 Mar 2019 18:59:14 GMT" time="10.035" errors="0">
  <testcase name="loginTest" time="10.035" classname="com.mercurytours.tests.SignOnTest"/>
</testsuite> <!-- com.mercurytours.tests.SignOnTest -->
