<?xml version="1.0" encoding="UTF-8"?>
<!-- Generated by org.testng.reporters.JUnitReportReporter -->
<testsuite skipped="0" hostname="Santosh-PC" name="com.mercurytours.tests.RegisterUserTest" tests="1" failures="0" timestamp="21 Mar 2019 18:59:14 GMT" time="11.693" errors="0">
  <testcase name="registerNewUserTest" time="11.693" classname="com.mercurytours.tests.RegisterUserTest"/>
</testsuite> <!-- com.mercurytours.tests.RegisterUserTest -->
