<?xml version="1.0" encoding="UTF-8"?>
<!-- Generated by org.testng.reporters.JUnitReportReporter -->
<testsuite skipped="0" hostname="Santosh-PC" name="com.mercurytours.tests.LoginTest" tests="1" failures="0" timestamp="19 Mar 2019 18:03:00 GMT" time="31.491" errors="0">
  <testcase name="loginTest" time="31.491" classname="com.mercurytours.tests.LoginTest"/>
</testsuite> <!-- com.mercurytours.tests.LoginTest -->
